date-library/datetimepicker-library/build/outputs/logs/manifest-merger-release-report.txt
-- Merging decision tree log ---
manifest
ADDED from date-library\datetimepicker-library\AndroidManifest.xml:1:1-6:12
INJECTED from date-library\datetimepicker-library\AndroidManifest.xml:1:1-6:12
INJECTED from date-library\datetimepicker-library\AndroidManifest.xml:1:1-6:12
INJECTED from date-library\datetimepicker-library\AndroidManifest.xml:1:1-6:12
INJECTED from date-library\datetimepicker-library\AndroidManifest.xml:1:1-6:12
INJECTED from date-library\datetimepicker-library\AndroidManifest.xml:1:1-6:12
INJECTED from date-library\datetimepicker-library\AndroidManifest.xml:1:1-6:12
	package
		ADDED from date-library\datetimepicker-library\AndroidManifest.xml:2:5-41
		INJECTED from date-library\datetimepicker-library\AndroidManifest.xml
		INJECTED from date-library\datetimepicker-library\AndroidManifest.xml
	android:versionName
		INJECTED from date-library\datetimepicker-library\AndroidManifest.xml
		ADDED from date-library\datetimepicker-library\AndroidManifest.xml:1:1-6:12
		INJECTED from date-library\datetimepicker-library\AndroidManifest.xml
	android:versionCode
		INJECTED from date-library\datetimepicker-library\AndroidManifest.xml
		ADDED from date-library\datetimepicker-library\AndroidManifest.xml:1:1-6:12
		INJECTED from date-library\datetimepicker-library\AndroidManifest.xml
	xmlns:android
		ADDED from date-library\datetimepicker-library\AndroidManifest.xml:1:11-69
application
ADDED from date-library\datetimepicker-library\AndroidManifest.xml:4:5-20
uses-sdk
INJECTED from date-library\datetimepicker-library\AndroidManifest.xml reason: use-sdk injection requested
INJECTED from date-library\datetimepicker-library\AndroidManifest.xml
INJECTED from date-library\datetimepicker-library\AndroidManifest.xml
INJECTED from date-library\datetimepicker-library\AndroidManifest.xml
INJECTED from date-library\datetimepicker-library\AndroidManifest.xml
	android:targetSdkVersion
		INJECTED from date-library\datetimepicker-library\AndroidManifest.xml
		ADDED from date-library\datetimepicker-library\AndroidManifest.xml
		INJECTED from date-library\datetimepicker-library\AndroidManifest.xml
	android:minSdkVersion
		INJECTED from date-library\datetimepicker-library\AndroidManifest.xml
		ADDED from date-library\datetimepicker-library\AndroidManifest.xml
		INJECTED from date-library\datetimepicker-library\AndroidManifest.xml